<root>
	<item name="key1">value1</item>
	<item name="key2">value2</item>
</root>